<?xml version="1.0" encoding="UTF-8"?>
<testsuite name="everyide.webide.WebIdeApplicationTests" tests="1" skipped="0" failures="0" errors="0" timestamp="2024-02-14T03:21:14" hostname="DESKTOP-5V3RE3R" time="0.356">
  <properties/>
  <testcase name="contextLoads()" classname="everyide.webide.WebIdeApplicationTests" time="0.356"/>
  <system-out><![CDATA[12:21:09.630 [Test worker] INFO org.springframework.test.context.support.AnnotationConfigContextLoaderUtils -- Could not detect default configuration classes for test class [everyide.webide.WebIdeApplicationTests]: WebIdeApplicationTests does not declare any static, non-private, non-final, nested classes annotated with @Configuration.
12:21:09.716 [Test worker] INFO org.springframework.boot.test.context.SpringBootTestContextBootstrapper -- Found @SpringBootConfiguration everyide.webide.WebIdeApplication for test class everyide.webide.WebIdeApplicationTests

  .   ____          _            __ _ _
 /\\ / ___'_ __ _ _(_)_ __  __ _ \ \ \ \
( ( )\___ | '_ | '_| | '_ \/ _` | \ \ \ \
 \\/  ___)| |_)| | | | | || (_| |  ) ) ) )
  '  |____| .__|_| |_|_| |_\__, | / / / /
 =========|_|==============|___/=/_/_/_/
 :: Spring Boot ::                (v3.2.2)

2024-02-14T12:21:10.046+09:00  INFO 29224 --- [    Test worker] everyide.webide.WebIdeApplicationTests   : Starting WebIdeApplicationTests using Java 21.0.1 with PID 29224 (started by alber in C:\Users\alber\OneDrive\문서\GitHub\IDE-BACKEND)
2024-02-14T12:21:10.047+09:00  INFO 29224 --- [    Test worker] everyide.webide.WebIdeApplicationTests   : No active profile set, falling back to 1 default profile: "default"
2024-02-14T12:21:10.677+09:00  INFO 29224 --- [    Test worker] .s.d.r.c.RepositoryConfigurationDelegate : Multiple Spring Data modules found, entering strict repository configuration mode
2024-02-14T12:21:10.679+09:00  INFO 29224 --- [    Test worker] .s.d.r.c.RepositoryConfigurationDelegate : Bootstrapping Spring Data JPA repositories in DEFAULT mode.
2024-02-14T12:21:10.730+09:00  INFO 29224 --- [    Test worker] .RepositoryConfigurationExtensionSupport : Spring Data JPA - Could not safely identify store assignment for repository candidate interface everyide.webide.websocket.chat.MessageRepository; If you want this repository to be a JPA repository, consider annotating your entities with one of these annotations: jakarta.persistence.Entity, jakarta.persistence.MappedSuperclass (preferred), or consider extending one of the following types with your repository: org.springframework.data.jpa.repository.JpaRepository
2024-02-14T12:21:10.747+09:00  INFO 29224 --- [    Test worker] .s.d.r.c.RepositoryConfigurationDelegate : Finished Spring Data repository scanning in 62 ms. Found 6 JPA repository interfaces.
2024-02-14T12:21:10.772+09:00  INFO 29224 --- [    Test worker] .s.d.r.c.RepositoryConfigurationDelegate : Multiple Spring Data modules found, entering strict repository configuration mode
2024-02-14T12:21:10.772+09:00  INFO 29224 --- [    Test worker] .s.d.r.c.RepositoryConfigurationDelegate : Bootstrapping Spring Data MongoDB repositories in DEFAULT mode.
2024-02-14T12:21:10.781+09:00  INFO 29224 --- [    Test worker] .RepositoryConfigurationExtensionSupport : Spring Data MongoDB - Could not safely identify store assignment for repository candidate interface everyide.webide.container.ContainerRepository; If you want this repository to be a MongoDB repository, consider annotating your entities with one of these annotations: org.springframework.data.mongodb.core.mapping.Document (preferred), or consider extending one of the following types with your repository: org.springframework.data.mongodb.repository.MongoRepository
2024-02-14T12:21:10.781+09:00  INFO 29224 --- [    Test worker] .RepositoryConfigurationExtensionSupport : Spring Data MongoDB - Could not safely identify store assignment for repository candidate interface everyide.webide.fileSystem.DirectoryRepository; If you want this repository to be a MongoDB repository, consider annotating your entities with one of these annotations: org.springframework.data.mongodb.core.mapping.Document (preferred), or consider extending one of the following types with your repository: org.springframework.data.mongodb.repository.MongoRepository
2024-02-14T12:21:10.781+09:00  INFO 29224 --- [    Test worker] .RepositoryConfigurationExtensionSupport : Spring Data MongoDB - Could not safely identify store assignment for repository candidate interface everyide.webide.fileSystem.FileRepository; If you want this repository to be a MongoDB repository, consider annotating your entities with one of these annotations: org.springframework.data.mongodb.core.mapping.Document (preferred), or consider extending one of the following types with your repository: org.springframework.data.mongodb.repository.MongoRepository
2024-02-14T12:21:10.782+09:00  INFO 29224 --- [    Test worker] .RepositoryConfigurationExtensionSupport : Spring Data MongoDB - Could not safely identify store assignment for repository candidate interface everyide.webide.room.RoomRepository; If you want this repository to be a MongoDB repository, consider annotating your entities with one of these annotations: org.springframework.data.mongodb.core.mapping.Document (preferred), or consider extending one of the following types with your repository: org.springframework.data.mongodb.repository.MongoRepository
2024-02-14T12:21:10.782+09:00  INFO 29224 --- [    Test worker] .RepositoryConfigurationExtensionSupport : Spring Data MongoDB - Could not safely identify store assignment for repository candidate interface everyide.webide.user.UserRepository; If you want this repository to be a MongoDB repository, consider annotating your entities with one of these annotations: org.springframework.data.mongodb.core.mapping.Document (preferred), or consider extending one of the following types with your repository: org.springframework.data.mongodb.repository.MongoRepository
2024-02-14T12:21:10.782+09:00  INFO 29224 --- [    Test worker] .RepositoryConfigurationExtensionSupport : Spring Data MongoDB - Could not safely identify store assignment for repository candidate interface everyide.webide.websocket.chat.ChatRepository; If you want this repository to be a MongoDB repository, consider annotating your entities with one of these annotations: org.springframework.data.mongodb.core.mapping.Document (preferred), or consider extending one of the following types with your repository: org.springframework.data.mongodb.repository.MongoRepository
2024-02-14T12:21:10.787+09:00  INFO 29224 --- [    Test worker] .s.d.r.c.RepositoryConfigurationDelegate : Finished Spring Data repository scanning in 14 ms. Found 1 MongoDB repository interface.
2024-02-14T12:21:11.217+09:00  INFO 29224 --- [    Test worker] o.hibernate.jpa.internal.util.LogHelper  : HHH000204: Processing PersistenceUnitInfo [name: default]
2024-02-14T12:21:11.311+09:00  INFO 29224 --- [    Test worker] org.hibernate.Version                    : HHH000412: Hibernate ORM core version 6.4.1.Final
2024-02-14T12:21:11.347+09:00  INFO 29224 --- [    Test worker] o.h.c.internal.RegionFactoryInitiator    : HHH000026: Second-level cache disabled
2024-02-14T12:21:11.588+09:00  INFO 29224 --- [    Test worker] o.s.o.j.p.SpringPersistenceUnitInfo      : No LoadTimeWeaver setup: ignoring JPA class transformer
2024-02-14T12:21:11.613+09:00  INFO 29224 --- [    Test worker] com.zaxxer.hikari.HikariDataSource       : HikariPool-1 - Starting...
2024-02-14T12:21:11.840+09:00  INFO 29224 --- [    Test worker] com.zaxxer.hikari.pool.HikariPool        : HikariPool-1 - Added connection com.mysql.cj.jdbc.ConnectionImpl@5a2035e1
2024-02-14T12:21:11.842+09:00  INFO 29224 --- [    Test worker] com.zaxxer.hikari.HikariDataSource       : HikariPool-1 - Start completed.
2024-02-14T12:21:11.885+09:00  WARN 29224 --- [    Test worker] org.hibernate.orm.deprecation            : HHH90000025: MySQLDialect does not need to be specified explicitly using 'hibernate.dialect' (remove the property setting and it will be selected by default)
2024-02-14T12:21:12.765+09:00  INFO 29224 --- [    Test worker] o.h.e.t.j.p.i.JtaPlatformInitiator       : HHH000489: No JTA platform available (set 'hibernate.transaction.jta.platform' to enable JTA platform integration)
2024-02-14T12:21:12.833+09:00  INFO 29224 --- [    Test worker] j.LocalContainerEntityManagerFactoryBean : Initialized JPA EntityManagerFactory for persistence unit 'default'
2024-02-14T12:21:13.350+09:00  INFO 29224 --- [    Test worker] org.mongodb.driver.client                : MongoClient with metadata {"driver": {"name": "mongo-java-driver|sync|spring-boot", "version": "4.11.1"}, "os": {"type": "Windows", "name": "Windows 10", "architecture": "amd64", "version": "10.0"}, "platform": "Java/Oracle Corporation/21.0.1+12-29"} created with settings MongoClientSettings{readPreference=primary, writeConcern=WriteConcern{w=null, wTimeout=null ms, journal=null}, retryWrites=true, retryReads=true, readConcern=ReadConcern{level=null}, credential=null, transportSettings=null, streamFactoryFactory=null, commandListeners=[], codecRegistry=ProvidersCodecRegistry{codecProviders=[ValueCodecProvider{}, BsonValueCodecProvider{}, DBRefCodecProvider{}, DBObjectCodecProvider{}, DocumentCodecProvider{}, CollectionCodecProvider{}, IterableCodecProvider{}, MapCodecProvider{}, GeoJsonCodecProvider{}, GridFSFileCodecProvider{}, Jsr310CodecProvider{}, JsonObjectCodecProvider{}, BsonCodecProvider{}, EnumCodecProvider{}, com.mongodb.client.model.mql.ExpressionCodecProvider@cc3fc5c, com.mongodb.Jep395RecordCodecProvider@2aac60b, com.mongodb.KotlinCodecProvider@173602c0]}, loggerSettings=LoggerSettings{maxDocumentLength=1000}, clusterSettings={hosts=[localhost:27017], srvServiceName=mongodb, mode=SINGLE, requiredClusterType=UNKNOWN, requiredReplicaSetName='null', serverSelector='null', clusterListeners='[]', serverSelectionTimeout='30000 ms', localThreshold='15 ms'}, socketSettings=SocketSettings{connectTimeoutMS=10000, readTimeoutMS=0, receiveBufferSize=0, proxySettings=ProxySettings{host=null, port=null, username=null, password=null}}, heartbeatSocketSettings=SocketSettings{connectTimeoutMS=10000, readTimeoutMS=10000, receiveBufferSize=0, proxySettings=ProxySettings{host=null, port=null, username=null, password=null}}, connectionPoolSettings=ConnectionPoolSettings{maxSize=100, minSize=0, maxWaitTimeMS=120000, maxConnectionLifeTimeMS=0, maxConnectionIdleTimeMS=0, maintenanceInitialDelayMS=0, maintenanceFrequencyMS=60000, connectionPoolListeners=[], maxConnecting=2}, serverSettings=ServerSettings{heartbeatFrequencyMS=10000, minHeartbeatFrequencyMS=500, serverListeners='[]', serverMonitorListeners='[]'}, sslSettings=SslSettings{enabled=false, invalidHostNameAllowed=false, context=null}, applicationName='null', compressorList=[], uuidRepresentation=JAVA_LEGACY, serverApi=null, autoEncryptionSettings=null, dnsClient=null, inetAddressResolver=null, contextProvider=null}
2024-02-14T12:21:13.360+09:00  INFO 29224 --- [localhost:27017] org.mongodb.driver.cluster               : Monitor thread successfully connected to server with description ServerDescription{address=localhost:27017, type=STANDALONE, state=CONNECTED, ok=true, minWireVersion=0, maxWireVersion=21, maxDocumentSize=16777216, logicalSessionTimeoutMinutes=30, roundTripTimeNanos=17858100}
2024-02-14T12:21:13.752+09:00  WARN 29224 --- [    Test worker] JpaBaseConfiguration$JpaWebConfiguration : spring.jpa.open-in-view is enabled by default. Therefore, database queries may be performed during view rendering. Explicitly configure spring.jpa.open-in-view to disable this warning
2024-02-14T12:21:13.890+09:00  INFO 29224 --- [    Test worker] o.s.b.a.w.s.WelcomePageHandlerMapping    : Adding welcome page: class path resource [static/index.html]
2024-02-14T12:21:14.021+09:00  INFO 29224 --- [    Test worker] o.s.s.web.DefaultSecurityFilterChain     : Will secure any request with [org.springframework.security.web.session.DisableEncodeUrlFilter@1da9f44c, org.springframework.security.web.context.request.async.WebAsyncManagerIntegrationFilter@16a83016, org.springframework.security.web.context.SecurityContextHolderFilter@4ed7fb78, org.springframework.security.web.header.HeaderWriterFilter@e1f88b6, org.springframework.web.filter.CorsFilter@592efd6, org.springframework.security.web.authentication.logout.LogoutFilter@41f57420, org.springframework.security.oauth2.client.web.OAuth2AuthorizationRequestRedirectFilter@50ccd6a, org.springframework.security.oauth2.client.web.OAuth2LoginAuthenticationFilter@25f3207e, everyide.webide.config.auth.filter.JwtAuthenticationFilter@33903444, everyide.webide.config.auth.filter.JwtAuthorizationFilter@6149adee, org.springframework.security.web.savedrequest.RequestCacheAwareFilter@182ce25e, org.springframework.security.web.servletapi.SecurityContextHolderAwareRequestFilter@32d11a5c, org.springframework.security.web.authentication.AnonymousAuthenticationFilter@36361951, org.springframework.security.web.session.SessionManagementFilter@1cda3a6d, org.springframework.security.web.access.ExceptionTranslationFilter@7405e77f, org.springframework.security.web.access.intercept.AuthorizationFilter@428e875f]
2024-02-14T12:21:14.279+09:00  INFO 29224 --- [    Test worker] o.s.m.s.b.SimpleBrokerMessageHandler     : Starting...
2024-02-14T12:21:14.280+09:00  INFO 29224 --- [    Test worker] o.s.m.s.b.SimpleBrokerMessageHandler     : BrokerAvailabilityEvent[available=true, SimpleBrokerMessageHandler [org.springframework.messaging.simp.broker.DefaultSubscriptionRegistry@26652743]]
2024-02-14T12:21:14.281+09:00  INFO 29224 --- [    Test worker] o.s.m.s.b.SimpleBrokerMessageHandler     : Started.
2024-02-14T12:21:14.290+09:00  INFO 29224 --- [    Test worker] everyide.webide.WebIdeApplicationTests   : Started WebIdeApplicationTests in 4.434 seconds (process running for 5.342)
]]></system-out>
  <system-err><![CDATA[WARNING: A Java agent has been loaded dynamically (C:\Users\alber\.gradle\caches\modules-2\files-2.1\net.bytebuddy\byte-buddy-agent\1.14.11\f9cb566608fbac6bc7bf54901a7aa11543a989ee\byte-buddy-agent-1.14.11.jar)
WARNING: If a serviceability tool is in use, please run with -XX:+EnableDynamicAgentLoading to hide this warning
WARNING: If a serviceability tool is not in use, please run with -Djdk.instrument.traceUsage for more information
WARNING: Dynamic loading of agents will be disallowed by default in a future release
]]></system-err>
</testsuite>
